Using pre-set license
Built from '2020.3/staging' branch; Version is '2020.3.6f1 (338bb68529b2) revision 3378102'; Using compiler version '192528614'; Build Type 'Release'
OS: 'Windows 10 Education; OS build 17763.1817; Version 1809; 64bit' Language: 'sv' Physical Memory: 16254 MB
BatchMode: 1, IsHumanControllingUs: 0, StartBugReporterOnCrash: 0, Is64bit: 1, IsPro: 0

 COMMAND LINE ARGUMENTS:
C:\Program Files\Unity\Hub\Editor\2020.3.6f1\Editor\Unity.exe
-adb2
-batchMode
-noUpm
-name
AssetImportWorker0
-projectPath
C:/1.Skolarbete/GitHub/cargogame
-logFile
Logs/AssetImportWorker0.log
-srvPort
64044
Successfully changed project path to: C:/1.Skolarbete/GitHub/cargogame
C:/1.Skolarbete/GitHub/cargogame
Using Asset Import Pipeline V2.
Refreshing native plugins compatible for Editor in 59.21 ms, found 1 plugins.
Preloading 0 native plugins for Editor in 0.00 ms.
Initialize engine version: 2020.3.6f1 (338bb68529b2)
[Subsystems] Discovering subsystems at path C:/Program Files/Unity/Hub/Editor/2020.3.6f1/Editor/Data/Resources/UnitySubsystems
[Subsystems] Discovering subsystems at path C:/1.Skolarbete/GitHub/cargogame/Assets
GfxDevice: creating device client; threaded=0
Direct3D:
    Version:  Direct3D 11.0 [level 11.1]
    Renderer: NVIDIA GeForce MX250 (ID=0x1d13)
    Vendor:   
    VRAM:     1983 MB
    Driver:   27.21.14.5269
Shader 'Universal Render Pipeline/Particles/Lit': fallback shader 'Universal Render Pipeline/Particles/SimpleLit' not found
Initialize mono
Mono path[0] = 'C:/Program Files/Unity/Hub/Editor/2020.3.6f1/Editor/Data/Managed'
Mono path[1] = 'C:/Program Files/Unity/Hub/Editor/2020.3.6f1/Editor/Data/MonoBleedingEdge/lib/mono/unityjit'
Mono config path = 'C:/Program Files/Unity/Hub/Editor/2020.3.6f1/Editor/Data/MonoBleedingEdge/etc'
Using monoOptions --debugger-agent=transport=dt_socket,embedding=1,server=y,suspend=n,address=127.0.0.1:56716
Begin MonoManager ReloadAssembly
Registering precompiled unity dll's ...
Register platform support module: C:/Program Files/Unity/Hub/Editor/2020.3.6f1/Editor/Data/PlaybackEngines/WindowsStandaloneSupport/UnityEditor.WindowsStandalone.Extensions.dll
Registered in 0.001417 seconds.
Native extension for WindowsStandalone target not found
Refreshing native plugins compatible for Editor in 58.88 ms, found 1 plugins.
Preloading 0 native plugins for Editor in 0.00 ms.
Mono: successfully reloaded assembly
- Completed reload, in  1.019 seconds
Platform modules already initialized, skipping
Registering precompiled user dll's ...
Registered in 0.005696 seconds.
Begin MonoManager ReloadAssembly
Native extension for WindowsStandalone target not found
Refreshing native plugins compatible for Editor in 62.15 ms, found 1 plugins.
Preloading 0 native plugins for Editor in 0.00 ms.
Mono: successfully reloaded assembly
- Completed reload, in  1.571 seconds
Platform modules already initialized, skipping
========================================================================
Worker process is ready to serve import requests
Shader 'Universal Render Pipeline/Particles/Lit': fallback shader 'Universal Render Pipeline/Particles/SimpleLit' not found
Launched and connected shader compiler UnityShaderCompiler.exe after 0.04 seconds
Refreshing native plugins compatible for Editor in 0.81 ms, found 1 plugins.
Preloading 0 native plugins for Editor in 0.00 ms.
Unloading 3234 Unused Serialized files (Serialized files now loaded: 0)
System memory in use before: 149.2 MB.
System memory in use after: 149.4 MB.

Unloading 29 unused Assets to reduce memory usage. Loaded Objects now: 3662.
Total: 3.930900 ms (FindLiveObjects: 0.428200 ms CreateObjectMapping: 0.204300 ms MarkObjects: 3.162700 ms  DeleteObjects: 0.134400 ms)

========================================================================
Received Import Request.
  path: Assets
  artifactKey: Guid(00000000000000001000000000000000) Importer(815301076,1909f56bfc062723c751e8b465ee728b)
Start importing Assets using Guid(00000000000000001000000000000000) Importer(815301076,1909f56bfc062723c751e8b465ee728b)  -> (artifact id: '2c602d4445bd9e0e517b9a7c882a2249') in 0.013900 seconds
  Import took 0.019418 seconds .

========================================================================
Received Import Request.
  Time since last request: 16.022827 seconds.
  path: Assets/Scenes/TestBana.unity
  artifactKey: Guid(6d9f671a7f2e3a647b53a91a06b06a65) Importer(815301076,1909f56bfc062723c751e8b465ee728b)
Start importing Assets/Scenes/TestBana.unity using Guid(6d9f671a7f2e3a647b53a91a06b06a65) Importer(815301076,1909f56bfc062723c751e8b465ee728b)  -> (artifact id: '7a241f50a008f2d95288b16e3bcefc09') in 0.021625 seconds
  Import took 0.028982 seconds .

========================================================================
Received Import Request.
  Time since last request: 1413.878535 seconds.
  path: Assets/AI-Stuff
  artifactKey: Guid(509b24ea6fe0b5e489e0eaa03064988e) Importer(815301076,1909f56bfc062723c751e8b465ee728b)
Start importing Assets/AI-Stuff using Guid(509b24ea6fe0b5e489e0eaa03064988e) Importer(815301076,1909f56bfc062723c751e8b465ee728b)  -> (artifact id: 'c2d07f07c8ef53ea402b9d4df36a296c') in 0.014206 seconds
  Import took 0.027711 seconds .

========================================================================
Received Import Request.
  Time since last request: 0.006303 seconds.
  path: Assets/AI-Stuff
  artifactKey: Guid(509b24ea6fe0b5e489e0eaa03064988e) Importer(815301076,1909f56bfc062723c751e8b465ee728b)
Start importing Assets/AI-Stuff using Guid(509b24ea6fe0b5e489e0eaa03064988e) Importer(815301076,1909f56bfc062723c751e8b465ee728b)  -> (artifact id: 'c2d07f07c8ef53ea402b9d4df36a296c') in 0.005284 seconds
  Import took 0.016134 seconds .

========================================================================
Received Import Request.
  Time since last request: 13.080723 seconds.
  path: Assets/AI-Stuff/Scripts.cs
  artifactKey: Guid(3520617ea2f08ee4bbba51344e1d8c07) Importer(815301076,1909f56bfc062723c751e8b465ee728b)
Start importing Assets/AI-Stuff/Scripts.cs using Guid(3520617ea2f08ee4bbba51344e1d8c07) Importer(815301076,1909f56bfc062723c751e8b465ee728b)  -> (artifact id: '5aaa0985b040f49220e67a4cd686337d') in 0.066836 seconds
  Import took 0.077591 seconds .

========================================================================
Received Prepare
Registering precompiled user dll's ...
Registered in 0.006599 seconds.
Begin MonoManager ReloadAssembly
Native extension for WindowsStandalone target not found
Refreshing native plugins compatible for Editor in 0.80 ms, found 1 plugins.
Preloading 0 native plugins for Editor in 0.00 ms.
Mono: successfully reloaded assembly
- Completed reload, in  1.602 seconds
Platform modules already initialized, skipping
Shader 'Universal Render Pipeline/Particles/Lit': fallback shader 'Universal Render Pipeline/Particles/SimpleLit' not found
Refreshing native plugins compatible for Editor in 0.90 ms, found 1 plugins.
Preloading 0 native plugins for Editor in 0.00 ms.
Unloading 3104 Unused Serialized files (Serialized files now loaded: 0)
System memory in use before: 140.1 MB.
System memory in use after: 140.3 MB.

Unloading 23 unused Assets to reduce memory usage. Loaded Objects now: 3667.
Total: 6.920600 ms (FindLiveObjects: 0.648400 ms CreateObjectMapping: 0.343700 ms MarkObjects: 5.775800 ms  DeleteObjects: 0.148900 ms)

========================================================================
Received Prepare
Registering precompiled user dll's ...
Registered in 0.009865 seconds.
Begin MonoManager ReloadAssembly
Native extension for WindowsStandalone target not found
Refreshing native plugins compatible for Editor in 1.30 ms, found 1 plugins.
Preloading 0 native plugins for Editor in 0.00 ms.
Mono: successfully reloaded assembly
- Completed reload, in  2.312 seconds
Platform modules already initialized, skipping
Shader 'Universal Render Pipeline/Particles/Lit': fallback shader 'Universal Render Pipeline/Particles/SimpleLit' not found
Refreshing native plugins compatible for Editor in 0.95 ms, found 1 plugins.
Preloading 0 native plugins for Editor in 0.00 ms.
Unloading 3103 Unused Serialized files (Serialized files now loaded: 0)
System memory in use before: 140.2 MB.
System memory in use after: 140.3 MB.

Unloading 24 unused Assets to reduce memory usage. Loaded Objects now: 3670.
Total: 6.044500 ms (FindLiveObjects: 0.655500 ms CreateObjectMapping: 0.291700 ms MarkObjects: 4.978900 ms  DeleteObjects: 0.115900 ms)

========================================================================
Received Import Request.
  Time since last request: 97.587484 seconds.
  path: Assets/AI-Stuff/Car-Agent.cs
  artifactKey: Guid(1c60e79771f44e54197aad353e29dd0a) Importer(815301076,1909f56bfc062723c751e8b465ee728b)
Start importing Assets/AI-Stuff/Car-Agent.cs using Guid(1c60e79771f44e54197aad353e29dd0a) Importer(815301076,1909f56bfc062723c751e8b465ee728b)  -> (artifact id: 'df034807b0e18e6758072a90ea9e27e1') in 0.020545 seconds
  Import took 0.031498 seconds .

========================================================================
Received Import Request.
  Time since last request: 0.014391 seconds.
  path: Assets/AI-Stuff/Car-Agent.cs
  artifactKey: Guid(1c60e79771f44e54197aad353e29dd0a) Importer(815301076,1909f56bfc062723c751e8b465ee728b)
Start importing Assets/AI-Stuff/Car-Agent.cs using Guid(1c60e79771f44e54197aad353e29dd0a) Importer(815301076,1909f56bfc062723c751e8b465ee728b)  -> (artifact id: 'df034807b0e18e6758072a90ea9e27e1') in 0.003658 seconds
  Import took 0.015575 seconds .

========================================================================
Received Import Request.
  Time since last request: 21.249865 seconds.
  path: Assets/AI-Stuff/CarAgent.cs
  artifactKey: Guid(1c60e79771f44e54197aad353e29dd0a) Importer(815301076,1909f56bfc062723c751e8b465ee728b)
Start importing Assets/AI-Stuff/CarAgent.cs using Guid(1c60e79771f44e54197aad353e29dd0a) Importer(815301076,1909f56bfc062723c751e8b465ee728b)  -> (artifact id: '1e49d1353dd2a19a8652e5ee9ea5ade3') in 0.018492 seconds
  Import took 0.030936 seconds .

========================================================================
Received Import Request.
  Time since last request: 209.963802 seconds.
  path: Assets/AI-Stuff/Car-Agent.cs
  artifactKey: Guid(1f2a811a3f083cc40a6479221f071905) Importer(815301076,1909f56bfc062723c751e8b465ee728b)
Start importing Assets/AI-Stuff/Car-Agent.cs using Guid(1f2a811a3f083cc40a6479221f071905) Importer(815301076,1909f56bfc062723c751e8b465ee728b)  -> (artifact id: 'b344e049ea0d61db477cb537172a92cd') in 0.008455 seconds
  Import took 0.020906 seconds .

========================================================================
Received Import Request.
  Time since last request: 23.058321 seconds.
  path: Assets/AI-Stuff/CarAgent.cs
  artifactKey: Guid(1f2a811a3f083cc40a6479221f071905) Importer(815301076,1909f56bfc062723c751e8b465ee728b)
Start importing Assets/AI-Stuff/CarAgent.cs using Guid(1f2a811a3f083cc40a6479221f071905) Importer(815301076,1909f56bfc062723c751e8b465ee728b)  -> (artifact id: '9d2714efcacb4c3307d7183977d1f021') in 0.005605 seconds
  Import took 0.019495 seconds .

========================================================================
Received Prepare
Registering precompiled user dll's ...
Registered in 0.008494 seconds.
Begin MonoManager ReloadAssembly
Native extension for WindowsStandalone target not found
Refreshing native plugins compatible for Editor in 1.20 ms, found 1 plugins.
Preloading 0 native plugins for Editor in 0.00 ms.
Mono: successfully reloaded assembly
- Completed reload, in  1.767 seconds
Platform modules already initialized, skipping
Shader 'Universal Render Pipeline/Particles/Lit': fallback shader 'Universal Render Pipeline/Particles/SimpleLit' not found
Refreshing native plugins compatible for Editor in 0.96 ms, found 1 plugins.
Preloading 0 native plugins for Editor in 0.00 ms.
Unloading 3104 Unused Serialized files (Serialized files now loaded: 0)
System memory in use before: 140.2 MB.
System memory in use after: 140.4 MB.

Unloading 23 unused Assets to reduce memory usage. Loaded Objects now: 3675.
Total: 5.699000 ms (FindLiveObjects: 0.528400 ms CreateObjectMapping: 0.311700 ms MarkObjects: 4.717800 ms  DeleteObjects: 0.138700 ms)

========================================================================
Received Import Request.
  Time since last request: 3854.479407 seconds.
  path: Assets/Materials/Skybox_Mat.mat
  artifactKey: Guid(0ffaa0b7117ba8c47a9d05ae701d4b4d) Importer(815301076,1909f56bfc062723c751e8b465ee728b)
Start importing Assets/Materials/Skybox_Mat.mat using Guid(0ffaa0b7117ba8c47a9d05ae701d4b4d) Importer(815301076,1909f56bfc062723c751e8b465ee728b)  -> (artifact id: '49cb8a9770ea5661530fd5a299e8358e') in 0.603846 seconds
  Import took 0.617751 seconds .

========================================================================
Received Import Request.
  Time since last request: 0.000484 seconds.
  path: Assets/Presets/AudioStreaming.preset
  artifactKey: Guid(86bcce7f5575b54408aa0f3a7d321039) Importer(815301076,1909f56bfc062723c751e8b465ee728b)
Start importing Assets/Presets/AudioStreaming.preset using Guid(86bcce7f5575b54408aa0f3a7d321039) Importer(815301076,1909f56bfc062723c751e8b465ee728b)  -> (artifact id: 'e8e5be14f38e11888d588b9c6642785f') in 0.032551 seconds
  Import took 0.044298 seconds .

========================================================================
Received Import Request.
  Time since last request: 0.000437 seconds.
  path: Assets/Presets/AudioCompressedInMemory.preset
  artifactKey: Guid(2dd802e4d37c65149922028d3e973832) Importer(815301076,1909f56bfc062723c751e8b465ee728b)
Start importing Assets/Presets/AudioCompressedInMemory.preset using Guid(2dd802e4d37c65149922028d3e973832) Importer(815301076,1909f56bfc062723c751e8b465ee728b)  -> (artifact id: '6997725ee92a3e4e61096cc3e4785b17') in 0.016436 seconds
  Import took 0.026111 seconds .

========================================================================
Received Import Request.
  Time since last request: 0.000396 seconds.
  path: Assets/Presets/NormalTexture.preset
  artifactKey: Guid(14a57cf3b9fa1c74b884aa7e0dcf1faa) Importer(815301076,1909f56bfc062723c751e8b465ee728b)
Start importing Assets/Presets/NormalTexture.preset using Guid(14a57cf3b9fa1c74b884aa7e0dcf1faa) Importer(815301076,1909f56bfc062723c751e8b465ee728b)  -> (artifact id: 'daf963a6a6e39011f9ef2332e14f9008') in 0.018790 seconds
  Import took 0.028513 seconds .

========================================================================
Received Import Request.
  Time since last request: 0.000400 seconds.
  path: Assets/Presets/UtilityTexture.preset
  artifactKey: Guid(45f7b2e3c78185248b3adbb14429c2ab) Importer(815301076,1909f56bfc062723c751e8b465ee728b)
Start importing Assets/Presets/UtilityTexture.preset using Guid(45f7b2e3c78185248b3adbb14429c2ab) Importer(815301076,1909f56bfc062723c751e8b465ee728b)  -> (artifact id: '882f1664e93b1eaa3605023679be6a37') in 0.016239 seconds
  Import took 0.026032 seconds .

========================================================================
Received Import Request.
  Time since last request: 1.765495 seconds.
  path: Assets/Settings/ForwardRenderer.asset
  artifactKey: Guid(4a8e21d5c33334b11b34a596161b9360) Importer(815301076,1909f56bfc062723c751e8b465ee728b)
Start importing Assets/Settings/ForwardRenderer.asset using Guid(4a8e21d5c33334b11b34a596161b9360) Importer(815301076,1909f56bfc062723c751e8b465ee728b)  -> (artifact id: '93876793704f5e7611a8fcb930c8c7b8') in 0.021301 seconds
  Import took 0.031913 seconds .

========================================================================
Received Import Request.
  Time since last request: 0.000459 seconds.
  path: Assets/Settings/SampleSceneProfile.asset
  artifactKey: Guid(10fc4df2da32a41aaa32d77bc913491c) Importer(815301076,1909f56bfc062723c751e8b465ee728b)
Start importing Assets/Settings/SampleSceneProfile.asset using Guid(10fc4df2da32a41aaa32d77bc913491c) Importer(815301076,1909f56bfc062723c751e8b465ee728b)  -> (artifact id: 'beca48ea7e75c3c11887510e7bee275f') in 0.019626 seconds
  Import took 0.029385 seconds .

========================================================================
Received Import Request.
  Time since last request: 0.000404 seconds.
  path: Assets/Settings/UniversalRP-LowQuality.asset
  artifactKey: Guid(a31e9f9f9c9d4b9429ed0d1234e22103) Importer(815301076,1909f56bfc062723c751e8b465ee728b)
Start importing Assets/Settings/UniversalRP-LowQuality.asset using Guid(a31e9f9f9c9d4b9429ed0d1234e22103) Importer(815301076,1909f56bfc062723c751e8b465ee728b)  -> (artifact id: '54e717e3ad49f92d5c143ad06cb54e51') in 0.014758 seconds
  Import took 0.025428 seconds .

========================================================================
Received Import Request.
  Time since last request: 0.000561 seconds.
  path: Assets/Settings/UniversalRP-MediumQuality.asset
  artifactKey: Guid(d847b876476d3d6468f5dfcd34266f96) Importer(815301076,1909f56bfc062723c751e8b465ee728b)
Start importing Assets/Settings/UniversalRP-MediumQuality.asset using Guid(d847b876476d3d6468f5dfcd34266f96) Importer(815301076,1909f56bfc062723c751e8b465ee728b)  -> (artifact id: 'a0019759b8cd4b2e57cd60ee22564ca8') in 0.015511 seconds
  Import took 0.024834 seconds .

========================================================================
Received Import Request.
  Time since last request: 0.000538 seconds.
  path: Assets/Settings/UniversalRP-HighQuality.asset
  artifactKey: Guid(19ba41d7c0026c3459d37c2fe90c55a0) Importer(815301076,1909f56bfc062723c751e8b465ee728b)
Start importing Assets/Settings/UniversalRP-HighQuality.asset using Guid(19ba41d7c0026c3459d37c2fe90c55a0) Importer(815301076,1909f56bfc062723c751e8b465ee728b)  -> (artifact id: '32413ca2bc47191ef65ca78d11f7072f') in 0.019279 seconds
  Import took 0.032192 seconds .

AssetImportWorkerClient::OnTransportError - code=2 error=End of file
